<?xml version="1.0" encoding="UTF-8"?>
<!-- Generated by org.testng.reporters.JUnitXMLReporter -->
<testsuite hostname="user" name="Test" tests="3" failures="0" timestamp="1 Jun 2021 06:16:14 GMT" time="196.363" errors="0">
  <testcase name="basicTest" time="27.256" classname="com.lambdatest.TestNGWindows10"/>
  <testcase name="basicTest" time="29.543" classname="com.lambdatest.TestNGWindows7"/>
  <testcase name="basicTest" time="106.491" classname="com.lambdatest.TestNGMacOS"/>
</testsuite> <!-- Test -->
